android/app/build/intermediates/manifest_merge_blame_file/release/manifest-merger-blame-release-report.txt
1<?xml version="1.0" encoding="utf-8"?>
2<manifest xmlns:android="http://schemas.android.com/apk/res/android"
3    package="com.careusel"
4    android:versionCode="6"
5    android:versionName="1.0.5" >
6
7    <uses-sdk
8        android:minSdkVersion="24"
8-->src/main/AndroidManifest.xml
9        android:targetSdkVersion="33" />
9-->src/main/AndroidManifest.xml
10
11    <uses-permission android:name="android.permission.INTERNET" />
11-->src/main/AndroidManifest.xml:4:3-65
11-->src/main/AndroidManifest.xml:4:20-62
12    <uses-permission android:name="android.permission.VIBRATE" />
12-->src/main/AndroidManifest.xml:5:3-64
12-->src/main/AndroidManifest.xml:5:20-61
13    <!--
14  <uses-permission android:name="android.permission.ACCESS_NETWORK_STATE" />
15  <uses-permission android:name="android.permission.ACCESS_WIFI_STATE" />
16    -->
17    <uses-permission android:name="android.permission.READ_EXTERNAL_STORAGE" />
17-->src/main/AndroidManifest.xml:8:3-78
17-->src/main/AndroidManifest.xml:8:20-75
18    <uses-permission android:name="android.permission.WRITE_EXTERNAL_STORAGE" />
18-->src/main/AndroidManifest.xml:9:3-79
18-->src/main/AndroidManifest.xml:9:20-76
19    <uses-permission android:name="android.permission.CAMERA" />
19-->src/main/AndroidManifest.xml:10:3-63
19-->src/main/AndroidManifest.xml:10:20-60
20    <uses-permission android:name="android.permission.FOREGROUND_SERVICE" />
20-->src/main/AndroidManifest.xml:11:3-75
20-->src/main/AndroidManifest.xml:11:20-72
21    <uses-permission android:name="android.permission.SYSTEM_ALERT_WINDOW" />
21-->src/main/AndroidManifest.xml:12:3-76
21-->src/main/AndroidManifest.xml:12:20-73
22    <uses-permission android:name="android.permission.DOWNLOAD_WITHOUT_NOTIFICATION" />
22-->src/main/AndroidManifest.xml:13:3-86
22-->src/main/AndroidManifest.xml:13:20-83
23
24    <uses-feature android:name="android.hardware.camera" />
24-->src/main/AndroidManifest.xml:14:3-58
24-->src/main/AndroidManifest.xml:14:17-55
25    <uses-feature android:name="android.hardware.camera.autofocus" />
25-->src/main/AndroidManifest.xml:15:3-68
25-->src/main/AndroidManifest.xml:15:17-65
26
27    <uses-permission android:name="android.permission.ACCESS_NETWORK_STATE" />
27-->[:react-native-community_netinfo] AndroidManifest.xml:9:5-79
27-->[:react-native-community_netinfo] AndroidManifest.xml:9:22-76
28    <uses-permission android:name="android.permission.ACCESS_WIFI_STATE" />
28-->[:react-native-community_netinfo] AndroidManifest.xml:10:5-76
28-->[:react-native-community_netinfo] AndroidManifest.xml:10:22-73
29    <uses-permission android:name="android.permission.WAKE_LOCK" />
29-->[:react-native-firebase_messaging] AndroidManifest.xml:10:5-68
29-->[:react-native-firebase_messaging] AndroidManifest.xml:10:22-65
30
31    <queries>
31-->[:react-native-image-crop-picker] AndroidManifest.xml:9:5-13:15
32        <intent>
32-->[:react-native-image-crop-picker] AndroidManifest.xml:10:9-12:18
33            <action android:name="android.media.action.IMAGE_CAPTURE" />
33-->[:react-native-image-crop-picker] AndroidManifest.xml:11:13-73
33-->[:react-native-image-crop-picker] AndroidManifest.xml:11:21-70
34        </intent>
35    </queries> <!-- Required to access Google Play Licensing -->
36    <uses-permission android:name="com.android.vending.CHECK_LICENSE" />
36-->[:rn-fetch-blob] AndroidManifest.xml:10:5-73
36-->[:rn-fetch-blob] AndroidManifest.xml:10:22-70
37    <uses-permission android:name="android.permission.POST_NOTIFICATIONS" /> <!-- Required by older versions of Google Play services to create IID tokens -->
37-->[com.google.firebase:firebase-messaging:23.1.2] AndroidManifest.xml:25:5-77
37-->[com.google.firebase:firebase-messaging:23.1.2] AndroidManifest.xml:25:22-74
38    <uses-permission android:name="com.google.android.c2dm.permission.RECEIVE" />
38-->[com.google.firebase:firebase-messaging:23.1.2] AndroidManifest.xml:28:5-82
38-->[com.google.firebase:firebase-messaging:23.1.2] AndroidManifest.xml:28:22-79
39    <uses-permission android:name="com.google.android.gms.permission.AD_ID" /> <!-- for android -->
39-->[com.google.android.gms:play-services-measurement-api:21.2.1] AndroidManifest.xml:25:5-79
39-->[com.google.android.gms:play-services-measurement-api:21.2.1] AndroidManifest.xml:25:22-76
40    <!-- <uses-permission android:name="com.android.launcher.permission.READ_SETTINGS"/> -->
41    <!-- <uses-permission android:name="com.android.launcher.permission.WRITE_SETTINGS"/> -->
42    <!-- <uses-permission android:name="com.android.launcher.permission.INSTALL_SHORTCUT" /> -->
43    <!-- <uses-permission android:name="com.android.launcher.permission.UNINSTALL_SHORTCUT" /> -->
44    <!-- for Samsung -->
45    <uses-permission android:name="com.sec.android.provider.badge.permission.READ" />
45-->[me.leolin:ShortcutBadger:1.1.22] AndroidManifest.xml:19:5-86
45-->[me.leolin:ShortcutBadger:1.1.22] AndroidManifest.xml:19:22-83
46    <uses-permission android:name="com.sec.android.provider.badge.permission.WRITE" /> <!-- for htc -->
46-->[me.leolin:ShortcutBadger:1.1.22] AndroidManifest.xml:20:5-87
46-->[me.leolin:ShortcutBadger:1.1.22] AndroidManifest.xml:20:22-84
47    <uses-permission android:name="com.htc.launcher.permission.READ_SETTINGS" />
47-->[me.leolin:ShortcutBadger:1.1.22] AndroidManifest.xml:23:5-81
47-->[me.leolin:ShortcutBadger:1.1.22] AndroidManifest.xml:23:22-78
48    <uses-permission android:name="com.htc.launcher.permission.UPDATE_SHORTCUT" /> <!-- for sony -->
48-->[me.leolin:ShortcutBadger:1.1.22] AndroidManifest.xml:24:5-83
48-->[me.leolin:ShortcutBadger:1.1.22] AndroidManifest.xml:24:22-80
49    <uses-permission android:name="com.sonyericsson.home.permission.BROADCAST_BADGE" />
49-->[me.leolin:ShortcutBadger:1.1.22] AndroidManifest.xml:27:5-88
49-->[me.leolin:ShortcutBadger:1.1.22] AndroidManifest.xml:27:22-85
50    <uses-permission android:name="com.sonymobile.home.permission.PROVIDER_INSERT_BADGE" /> <!-- for apex -->
50-->[me.leolin:ShortcutBadger:1.1.22] AndroidManifest.xml:28:5-92
50-->[me.leolin:ShortcutBadger:1.1.22] AndroidManifest.xml:28:22-89
51    <uses-permission android:name="com.anddoes.launcher.permission.UPDATE_COUNT" /> <!-- for solid -->
51-->[me.leolin:ShortcutBadger:1.1.22] AndroidManifest.xml:31:5-84
51-->[me.leolin:ShortcutBadger:1.1.22] AndroidManifest.xml:31:22-81
52    <uses-permission android:name="com.majeur.launcher.permission.UPDATE_BADGE" /> <!-- for huawei -->
52-->[me.leolin:ShortcutBadger:1.1.22] AndroidManifest.xml:34:5-83
52-->[me.leolin:ShortcutBadger:1.1.22] AndroidManifest.xml:34:22-80
53    <uses-permission android:name="com.huawei.android.launcher.permission.CHANGE_BADGE" />
53-->[me.leolin:ShortcutBadger:1.1.22] AndroidManifest.xml:37:5-91
53-->[me.leolin:ShortcutBadger:1.1.22] AndroidManifest.xml:37:22-88
54    <uses-permission android:name="com.huawei.android.launcher.permission.READ_SETTINGS" />
54-->[me.leolin:ShortcutBadger:1.1.22] AndroidManifest.xml:38:5-92
54-->[me.leolin:ShortcutBadger:1.1.22] AndroidManifest.xml:38:22-89
55    <uses-permission android:name="com.huawei.android.launcher.permission.WRITE_SETTINGS" /> <!-- for ZUK -->
55-->[me.leolin:ShortcutBadger:1.1.22] AndroidManifest.xml:39:5-93
55-->[me.leolin:ShortcutBadger:1.1.22] AndroidManifest.xml:39:22-90
56    <uses-permission android:name="android.permission.READ_APP_BADGE" /> <!-- for OPPO -->
56-->[me.leolin:ShortcutBadger:1.1.22] AndroidManifest.xml:42:5-73
56-->[me.leolin:ShortcutBadger:1.1.22] AndroidManifest.xml:42:22-70
57    <uses-permission android:name="com.oppo.launcher.permission.READ_SETTINGS" />
57-->[me.leolin:ShortcutBadger:1.1.22] AndroidManifest.xml:45:5-82
57-->[me.leolin:ShortcutBadger:1.1.22] AndroidManifest.xml:45:22-79
58    <uses-permission android:name="com.oppo.launcher.permission.WRITE_SETTINGS" /> <!-- for EvMe -->
58-->[me.leolin:ShortcutBadger:1.1.22] AndroidManifest.xml:46:5-83
58-->[me.leolin:ShortcutBadger:1.1.22] AndroidManifest.xml:46:22-80
59    <uses-permission android:name="me.everything.badger.permission.BADGE_COUNT_READ" />
59-->[me.leolin:ShortcutBadger:1.1.22] AndroidManifest.xml:49:5-88
59-->[me.leolin:ShortcutBadger:1.1.22] AndroidManifest.xml:49:22-85
60    <uses-permission android:name="me.everything.badger.permission.BADGE_COUNT_WRITE" />
60-->[me.leolin:ShortcutBadger:1.1.22] AndroidManifest.xml:50:5-89
60-->[me.leolin:ShortcutBadger:1.1.22] AndroidManifest.xml:50:22-86
61    <uses-permission android:name="com.google.android.finsky.permission.BIND_GET_INSTALL_REFERRER_SERVICE" />
61-->[com.google.android.gms:play-services-measurement:21.2.1] AndroidManifest.xml:26:5-110
61-->[com.google.android.gms:play-services-measurement:21.2.1] AndroidManifest.xml:26:22-107
62
63    <application
63-->src/main/AndroidManifest.xml:17:3-79:17
64        android:name="com.careusel.MainApplication"
64-->src/main/AndroidManifest.xml:18:5-36
65        android:allowBackup="false"
65-->src/main/AndroidManifest.xml:22:5-32
66        android:appComponentFactory="androidx.core.app.CoreComponentFactory"
66-->[androidx.core:core:1.7.0] AndroidManifest.xml:24:18-86
67        android:extractNativeLibs="false"
67-->src/main/AndroidManifest.xml:25:5-38
68        android:hardwareAccelerated="true"
68-->src/main/AndroidManifest.xml:26:5-39
69        android:icon="@mipmap/ic_launcher"
69-->src/main/AndroidManifest.xml:20:5-39
70        android:label="@string/app_name"
70-->src/main/AndroidManifest.xml:19:5-37
71        android:requestLegacyExternalStorage="true"
71-->src/main/AndroidManifest.xml:27:5-48
72        android:roundIcon="@mipmap/ic_launcher_round"
72-->src/main/AndroidManifest.xml:21:5-50
73        android:theme="@style/AppTheme"
73-->src/main/AndroidManifest.xml:23:5-36
74        android:usesCleartextTraffic="true" >
74-->src/main/AndroidManifest.xml:24:5-40
75        <activity
75-->src/main/AndroidManifest.xml:29:5-43:16
76            android:name="com.careusel.MainActivity"
76-->src/main/AndroidManifest.xml:30:7-35
77            android:configChanges="keyboard|keyboardHidden|orientation|screenLayout|screenSize|smallestScreenSize|uiMode"
77-->src/main/AndroidManifest.xml:33:7-116
78            android:exported="true"
78-->src/main/AndroidManifest.xml:36:7-30
79            android:label="@string/app_name"
79-->src/main/AndroidManifest.xml:31:7-39
80            android:launchMode="singleTask"
80-->src/main/AndroidManifest.xml:34:7-38
81            android:screenOrientation="portrait"
81-->src/main/AndroidManifest.xml:32:7-43
82            android:windowSoftInputMode="adjustResize" >
82-->src/main/AndroidManifest.xml:35:7-49
83            <intent-filter>
83-->src/main/AndroidManifest.xml:38:7-42:23
84                <action android:name="android.intent.action.MAIN" />
84-->src/main/AndroidManifest.xml:39:9-61
84-->src/main/AndroidManifest.xml:39:17-58
85
86                <category android:name="android.intent.category.LAUNCHER" />
86-->src/main/AndroidManifest.xml:40:9-69
86-->src/main/AndroidManifest.xml:40:19-66
87
88                <action android:name="android.intent.action.DOWNLOAD_COMPLETE" />
88-->src/main/AndroidManifest.xml:41:9-74
88-->src/main/AndroidManifest.xml:41:17-71
89            </intent-filter>
90        </activity>
91
92        <service
92-->src/main/AndroidManifest.xml:45:5-51:15
93            android:name="io.invertase.firebase.messaging.ReactNativeFirebaseMessagingService"
93-->src/main/AndroidManifest.xml:46:7-89
94            android:exported="false" >
94-->src/main/AndroidManifest.xml:47:7-31
95            <intent-filter>
95-->src/main/AndroidManifest.xml:48:7-50:23
96                <action android:name="com.google.firebase.MESSAGING_EVENT" />
96-->src/main/AndroidManifest.xml:49:9-70
96-->src/main/AndroidManifest.xml:49:17-67
97            </intent-filter>
98        </service>
99
100        <meta-data
100-->src/main/AndroidManifest.xml:52:5-53:46
101            android:name="com.google.firebase.messaging.default_notification_icon"
101-->src/main/AndroidManifest.xml:52:16-86
102            android:resource="@drawable/appicon" />
102-->src/main/AndroidManifest.xml:53:7-43
103        <meta-data
103-->src/main/AndroidManifest.xml:54:5-56:31
104            android:name="com.dieam.reactnativepushnotification.notification_foreground"
104-->src/main/AndroidManifest.xml:55:7-83
105            android:value="false" />
105-->src/main/AndroidManifest.xml:56:7-28
106
107        <receiver
107-->src/main/AndroidManifest.xml:57:5-58:34
108            android:name="com.dieam.reactnativepushnotification.modules.RNPushNotificationActions"
108-->src/main/AndroidManifest.xml:57:15-101
109            android:exported="false" />
109-->src/main/AndroidManifest.xml:58:7-31
110        <receiver
110-->src/main/AndroidManifest.xml:59:5-61:34
111            android:name="com.dieam.reactnativepushnotification.modules.RNPushNotificationPublisher"
111-->src/main/AndroidManifest.xml:60:7-95
112            android:exported="false" />
112-->src/main/AndroidManifest.xml:61:7-31
113        <receiver
113-->src/main/AndroidManifest.xml:62:5-70:16
114            android:name="com.dieam.reactnativepushnotification.modules.RNPushNotificationBootEventReceiver"
114-->src/main/AndroidManifest.xml:63:7-103
115            android:exported="false" >
115-->src/main/AndroidManifest.xml:64:7-31
116            <intent-filter>
116-->src/main/AndroidManifest.xml:65:7-69:23
117                <action android:name="android.intent.action.BOOT_COMPLETED" />
117-->src/main/AndroidManifest.xml:66:9-71
117-->src/main/AndroidManifest.xml:66:17-68
118                <action android:name="android.intent.action.QUICKBOOT_POWERON" />
118-->src/main/AndroidManifest.xml:67:9-74
118-->src/main/AndroidManifest.xml:67:17-71
119                <action android:name="com.htc.intent.action.QUICKBOOT_POWERON" />
119-->src/main/AndroidManifest.xml:68:9-74
119-->src/main/AndroidManifest.xml:68:17-71
120            </intent-filter>
121        </receiver>
122
123        <service
123-->src/main/AndroidManifest.xml:71:5-77:15
124            android:name="com.dieam.reactnativepushnotification.modules.RNPushNotificationListenerService"
124-->src/main/AndroidManifest.xml:72:7-101
125            android:exported="false" >
125-->src/main/AndroidManifest.xml:73:7-31
126            <intent-filter>
126-->src/main/AndroidManifest.xml:48:7-50:23
127                <action android:name="com.google.firebase.MESSAGING_EVENT" />
127-->src/main/AndroidManifest.xml:49:9-70
127-->src/main/AndroidManifest.xml:49:17-67
128            </intent-filter>
129        </service>
130
131        <activity android:name="com.facebook.react.devsupport.DevSettingsActivity" />
131-->src/main/AndroidManifest.xml:78:5-82
131-->src/main/AndroidManifest.xml:78:15-79
132
133        <service
133-->[:react-native-firebase_messaging] AndroidManifest.xml:14:9-16:40
134            android:name="io.invertase.firebase.messaging.ReactNativeFirebaseMessagingHeadlessService"
134-->[:react-native-firebase_messaging] AndroidManifest.xml:15:13-103
135            android:exported="false" />
135-->[:react-native-firebase_messaging] AndroidManifest.xml:16:13-37
136
137        <receiver
137-->[:react-native-firebase_messaging] AndroidManifest.xml:25:9-32:20
138            android:name="io.invertase.firebase.messaging.ReactNativeFirebaseMessagingReceiver"
138-->[:react-native-firebase_messaging] AndroidManifest.xml:26:13-96
139            android:exported="true"
139-->[:react-native-firebase_messaging] AndroidManifest.xml:27:13-36
140            android:permission="com.google.android.c2dm.permission.SEND" >
140-->[:react-native-firebase_messaging] AndroidManifest.xml:28:13-73
141            <intent-filter>
141-->[:react-native-firebase_messaging] AndroidManifest.xml:29:13-31:29
142                <action android:name="com.google.android.c2dm.intent.RECEIVE" />
142-->[:react-native-firebase_messaging] AndroidManifest.xml:30:17-81
142-->[:react-native-firebase_messaging] AndroidManifest.xml:30:25-78
143            </intent-filter>
144        </receiver>
145
146        <meta-data
146-->[:react-native-firebase_messaging] AndroidManifest.xml:34:9-36:36
147            android:name="firebase_messaging_auto_init_enabled"
147-->[:react-native-firebase_messaging] AndroidManifest.xml:35:13-64
148            android:value="true" />
148-->[:react-native-firebase_messaging] AndroidManifest.xml:36:13-33
149        <meta-data
149-->[:react-native-firebase_messaging] AndroidManifest.xml:37:9-39:32
150            android:name="com.google.firebase.messaging.default_notification_channel_id"
150-->[:react-native-firebase_messaging] AndroidManifest.xml:38:13-89
151            android:value="" />
151-->[:react-native-firebase_messaging] AndroidManifest.xml:39:13-29
152        <meta-data
152-->[:react-native-firebase_messaging] AndroidManifest.xml:40:9-42:47
153            android:name="com.google.firebase.messaging.default_notification_color"
153-->[:react-native-firebase_messaging] AndroidManifest.xml:41:13-84
154            android:resource="@color/white" />
154-->[:react-native-firebase_messaging] AndroidManifest.xml:42:13-44
155        <meta-data
155-->[:react-native-firebase_app] AndroidManifest.xml:11:9-13:36
156            android:name="app_data_collection_default_enabled"
156-->[:react-native-firebase_app] AndroidManifest.xml:12:13-63
157            android:value="true" />
157-->[:react-native-firebase_app] AndroidManifest.xml:13:13-33
158
159        <service
159-->[:react-native-firebase_app] AndroidManifest.xml:15:9-23:19
160            android:name="com.google.firebase.components.ComponentDiscoveryService"
160-->[:react-native-firebase_app] AndroidManifest.xml:16:13-84
161            android:directBootAware="true"
161-->[:react-native-firebase_app] AndroidManifest.xml:17:13-43
162            android:exported="false" >
162-->[:react-native-firebase_app] AndroidManifest.xml:18:13-37
163            <meta-data
163-->[:react-native-firebase_app] AndroidManifest.xml:20:13-22:85
164                android:name="com.google.firebase.components:io.invertase.firebase.app.ReactNativeFirebaseAppRegistrar"
164-->[:react-native-firebase_app] AndroidManifest.xml:21:17-120
165                android:value="com.google.firebase.components.ComponentRegistrar" />
165-->[:react-native-firebase_app] AndroidManifest.xml:22:17-82
166            <meta-data
166-->[com.google.firebase:firebase-messaging:23.1.2] AndroidManifest.xml:55:13-57:85
167                android:name="com.google.firebase.components:com.google.firebase.messaging.FirebaseMessagingRegistrar"
167-->[com.google.firebase:firebase-messaging:23.1.2] AndroidManifest.xml:56:17-119
168                android:value="com.google.firebase.components.ComponentRegistrar" />
168-->[com.google.firebase:firebase-messaging:23.1.2] AndroidManifest.xml:57:17-82
169            <meta-data
169-->[com.google.android.gms:play-services-measurement-api:21.2.1] AndroidManifest.xml:31:13-33:85
170                android:name="com.google.firebase.components:com.google.firebase.analytics.connector.internal.AnalyticsConnectorRegistrar"
170-->[com.google.android.gms:play-services-measurement-api:21.2.1] AndroidManifest.xml:32:17-139
171                android:value="com.google.firebase.components.ComponentRegistrar" />
171-->[com.google.android.gms:play-services-measurement-api:21.2.1] AndroidManifest.xml:33:17-82
172            <meta-data
172-->[com.google.firebase:firebase-datatransport:18.1.7] AndroidManifest.xml:27:13-29:85
173                android:name="com.google.firebase.components:com.google.firebase.datatransport.TransportRegistrar"
173-->[com.google.firebase:firebase-datatransport:18.1.7] AndroidManifest.xml:28:17-115
174                android:value="com.google.firebase.components.ComponentRegistrar" />
174-->[com.google.firebase:firebase-datatransport:18.1.7] AndroidManifest.xml:29:17-82
175            <meta-data
175-->[com.google.firebase:firebase-installations:17.1.3] AndroidManifest.xml:17:13-19:85
176                android:name="com.google.firebase.components:com.google.firebase.installations.FirebaseInstallationsRegistrar"
176-->[com.google.firebase:firebase-installations:17.1.3] AndroidManifest.xml:18:17-127
177                android:value="com.google.firebase.components.ComponentRegistrar" />
177-->[com.google.firebase:firebase-installations:17.1.3] AndroidManifest.xml:19:17-82
178        </service>
179
180        <provider
180-->[:react-native-firebase_app] AndroidManifest.xml:25:9-29:38
181            android:name="io.invertase.firebase.app.ReactNativeFirebaseAppInitProvider"
181-->[:react-native-firebase_app] AndroidManifest.xml:26:13-88
182            android:authorities="com.careusel.reactnativefirebaseappinitprovider"
182-->[:react-native-firebase_app] AndroidManifest.xml:27:13-86
183            android:exported="false"
183-->[:react-native-firebase_app] AndroidManifest.xml:28:13-37
184            android:initOrder="99" />
184-->[:react-native-firebase_app] AndroidManifest.xml:29:13-35
185
186        <activity android:name="com.masteratul.exceptionhandler.DefaultErrorScreen" >
186-->[:react-native-exception-handler] AndroidManifest.xml:10:9-11:20
186-->[:react-native-exception-handler] AndroidManifest.xml:10:19-84
187        </activity>
188
189        <provider
189-->[:react-native-image-crop-picker] AndroidManifest.xml:18:9-26:20
190            android:name="androidx.core.content.FileProvider"
190-->[:react-native-image-crop-picker] AndroidManifest.xml:19:13-62
191            android:authorities="com.careusel.provider"
191-->[:react-native-image-crop-picker] AndroidManifest.xml:20:13-60
192            android:exported="false"
192-->[:react-native-image-crop-picker] AndroidManifest.xml:21:13-37
193            android:grantUriPermissions="true" >
193-->[:react-native-image-crop-picker] AndroidManifest.xml:22:13-47
194            <meta-data
194-->[:react-native-image-crop-picker] AndroidManifest.xml:23:13-25:58
195                android:name="android.support.FILE_PROVIDER_PATHS"
195-->[:react-native-image-crop-picker] AndroidManifest.xml:24:17-67
196                android:resource="@xml/provider_paths" />
196-->[:react-native-image-crop-picker] AndroidManifest.xml:25:17-55
197        </provider>
198
199        <activity
199-->[:react-native-image-crop-picker] AndroidManifest.xml:28:9-30:72
200            android:name="com.yalantis.ucrop.UCropActivity"
200-->[:react-native-image-crop-picker] AndroidManifest.xml:29:13-60
201            android:theme="@style/Theme.AppCompat.Light.NoActionBar" />
201-->[:react-native-image-crop-picker] AndroidManifest.xml:30:13-69
202
203        <provider
203-->[:react-native-image-picker] AndroidManifest.xml:10:9-18:20
204            android:name="com.imagepicker.ImagePickerProvider"
204-->[:react-native-image-picker] AndroidManifest.xml:11:13-63
205            android:authorities="com.careusel.imagepickerprovider"
205-->[:react-native-image-picker] AndroidManifest.xml:12:13-71
206            android:exported="false"
206-->[:react-native-image-picker] AndroidManifest.xml:13:13-37
207            android:grantUriPermissions="true" >
207-->[:react-native-image-picker] AndroidManifest.xml:14:13-47
208            <meta-data
208-->[:react-native-image-crop-picker] AndroidManifest.xml:23:13-25:58
209                android:name="android.support.FILE_PROVIDER_PATHS"
209-->[:react-native-image-crop-picker] AndroidManifest.xml:24:17-67
210                android:resource="@xml/imagepicker_provider_paths" />
210-->[:react-native-image-crop-picker] AndroidManifest.xml:25:17-55
211        </provider>
212        <provider
212-->[:react-native-webview] AndroidManifest.xml:10:9-18:20
213            android:name="com.reactnativecommunity.webview.RNCWebViewFileProvider"
213-->[:react-native-webview] AndroidManifest.xml:11:13-83
214            android:authorities="com.careusel.fileprovider"
214-->[:react-native-webview] AndroidManifest.xml:12:13-64
215            android:exported="false"
215-->[:react-native-webview] AndroidManifest.xml:13:13-37
216            android:grantUriPermissions="true" >
216-->[:react-native-webview] AndroidManifest.xml:14:13-47
217            <meta-data
217-->[:react-native-image-crop-picker] AndroidManifest.xml:23:13-25:58
218                android:name="android.support.FILE_PROVIDER_PATHS"
218-->[:react-native-image-crop-picker] AndroidManifest.xml:24:17-67
219                android:resource="@xml/file_provider_paths" />
219-->[:react-native-image-crop-picker] AndroidManifest.xml:25:17-55
220        </provider>
221        <provider
221-->[:rn-fetch-blob] AndroidManifest.xml:34:9-42:20
222            android:name="com.RNFetchBlob.Utils.FileProvider"
222-->[:rn-fetch-blob] AndroidManifest.xml:35:13-62
223            android:authorities="com.careusel.provider"
223-->[:rn-fetch-blob] AndroidManifest.xml:36:13-60
224            android:exported="false"
224-->[:rn-fetch-blob] AndroidManifest.xml:37:13-37
225            android:grantUriPermissions="true" >
225-->[:rn-fetch-blob] AndroidManifest.xml:38:13-47
226            <meta-data
226-->[:react-native-image-crop-picker] AndroidManifest.xml:23:13-25:58
227                android:name="android.support.FILE_PROVIDER_PATHS"
227-->[:react-native-image-crop-picker] AndroidManifest.xml:24:17-67
228                android:resource="@xml/provider_paths" />
228-->[:react-native-image-crop-picker] AndroidManifest.xml:25:17-55
229        </provider>
230
231        <meta-data
231-->[com.github.bumptech.glide:okhttp3-integration:4.12.0] AndroidManifest.xml:11:9-13:43
232            android:name="com.bumptech.glide.integration.okhttp3.OkHttpGlideModule"
232-->[com.github.bumptech.glide:okhttp3-integration:4.12.0] AndroidManifest.xml:12:13-84
233            android:value="GlideModule" />
233-->[com.github.bumptech.glide:okhttp3-integration:4.12.0] AndroidManifest.xml:13:13-40
234
235        <receiver
235-->[com.google.firebase:firebase-messaging:23.1.2] AndroidManifest.xml:31:9-38:20
236            android:name="com.google.firebase.iid.FirebaseInstanceIdReceiver"
236-->[com.google.firebase:firebase-messaging:23.1.2] AndroidManifest.xml:32:13-78
237            android:exported="true"
237-->[com.google.firebase:firebase-messaging:23.1.2] AndroidManifest.xml:33:13-36
238            android:permission="com.google.android.c2dm.permission.SEND" >
238-->[com.google.firebase:firebase-messaging:23.1.2] AndroidManifest.xml:34:13-73
239            <intent-filter>
239-->[:react-native-firebase_messaging] AndroidManifest.xml:29:13-31:29
240                <action android:name="com.google.android.c2dm.intent.RECEIVE" />
240-->[:react-native-firebase_messaging] AndroidManifest.xml:30:17-81
240-->[:react-native-firebase_messaging] AndroidManifest.xml:30:25-78
241            </intent-filter>
242        </receiver>
243        <!--
244             FirebaseMessagingService performs security checks at runtime,
245             but set to not exported to explicitly avoid allowing another app to call it.
246        -->
247        <service
247-->[com.google.firebase:firebase-messaging:23.1.2] AndroidManifest.xml:44:9-51:19
248            android:name="com.google.firebase.messaging.FirebaseMessagingService"
248-->[com.google.firebase:firebase-messaging:23.1.2] AndroidManifest.xml:45:13-82
249            android:directBootAware="true"
249-->[com.google.firebase:firebase-messaging:23.1.2] AndroidManifest.xml:46:13-43
250            android:exported="false" >
250-->[com.google.firebase:firebase-messaging:23.1.2] AndroidManifest.xml:47:13-37
251            <intent-filter android:priority="-500" >
251-->src/main/AndroidManifest.xml:48:7-50:23
252                <action android:name="com.google.firebase.MESSAGING_EVENT" />
252-->src/main/AndroidManifest.xml:49:9-70
252-->src/main/AndroidManifest.xml:49:17-67
253            </intent-filter>
254        </service>
255
256        <provider
256-->[com.google.firebase:firebase-common:20.3.2] AndroidManifest.xml:25:9-30:39
257            android:name="com.google.firebase.provider.FirebaseInitProvider"
257-->[com.google.firebase:firebase-common:20.3.2] AndroidManifest.xml:26:13-77
258            android:authorities="com.careusel.firebaseinitprovider"
258-->[com.google.firebase:firebase-common:20.3.2] AndroidManifest.xml:27:13-72
259            android:directBootAware="true"
259-->[com.google.firebase:firebase-common:20.3.2] AndroidManifest.xml:28:13-43
260            android:exported="false"
260-->[com.google.firebase:firebase-common:20.3.2] AndroidManifest.xml:29:13-37
261            android:initOrder="100" />
261-->[com.google.firebase:firebase-common:20.3.2] AndroidManifest.xml:30:13-36
262
263        <service
263-->[com.google.android.datatransport:transport-backend-cct:3.1.8] AndroidManifest.xml:28:9-34:19
264            android:name="com.google.android.datatransport.runtime.backends.TransportBackendDiscovery"
264-->[com.google.android.datatransport:transport-backend-cct:3.1.8] AndroidManifest.xml:29:13-103
265            android:exported="false" >
265-->[com.google.android.datatransport:transport-backend-cct:3.1.8] AndroidManifest.xml:30:13-37
266            <meta-data
266-->[com.google.android.datatransport:transport-backend-cct:3.1.8] AndroidManifest.xml:31:13-33:39
267                android:name="backend:com.google.android.datatransport.cct.CctBackendFactory"
267-->[com.google.android.datatransport:transport-backend-cct:3.1.8] AndroidManifest.xml:32:17-94
268                android:value="cct" />
268-->[com.google.android.datatransport:transport-backend-cct:3.1.8] AndroidManifest.xml:33:17-36
269        </service>
270        <service
270-->[com.google.android.datatransport:transport-runtime:3.1.8] AndroidManifest.xml:26:9-30:19
271            android:name="com.google.android.datatransport.runtime.scheduling.jobscheduling.JobInfoSchedulerService"
271-->[com.google.android.datatransport:transport-runtime:3.1.8] AndroidManifest.xml:27:13-117
272            android:exported="false"